{
 "cells": [
  {
   "cell_type": "code",
   "execution_count": 1,
   "metadata": {
    "execution": {
     "iopub.execute_input": "2020-07-10T18:10:21.404162Z",
     "iopub.status.busy": "2020-07-10T18:10:21.402347Z",
     "iopub.status.idle": "2020-07-10T18:10:21.406486Z",
     "shell.execute_reply": "2020-07-10T18:10:21.409001Z"
    },
    "papermill": {
     "duration": 0.022292,
     "end_time": "2020-07-10T18:10:21.409274",
     "exception": false,
     "start_time": "2020-07-10T18:10:21.386982",
     "status": "completed"
    },
    "tags": [
     "parameters"
    ]
   },
   "outputs": [],
   "source": [
    "a = 3\n",
    "b = 4"
   ]
  },
  {
   "cell_type": "code",
   "execution_count": 2,
   "metadata": {
    "execution": {
     "iopub.execute_input": "2020-07-10T18:10:21.435804Z",
     "iopub.status.busy": "2020-07-10T18:10:21.434309Z",
     "iopub.status.idle": "2020-07-10T18:10:21.437140Z",
     "shell.execute_reply": "2020-07-10T18:10:21.438303Z"
    },
    "papermill": {
     "duration": 0.018118,
     "end_time": "2020-07-10T18:10:21.438471",
     "exception": false,
     "start_time": "2020-07-10T18:10:21.420353",
     "status": "completed"
    },
    "tags": [
     "injected-parameters"
    ]
   },
   "outputs": [],
   "source": [
    "# Parameters\n",
    "a = -5.0\n",
    "b = 3.0\n"
   ]
  },
  {
   "cell_type": "code",
   "execution_count": 3,
   "metadata": {
    "execution": {
     "iopub.execute_input": "2020-07-10T18:10:21.459080Z",
     "iopub.status.busy": "2020-07-10T18:10:21.457581Z",
     "iopub.status.idle": "2020-07-10T18:10:21.461903Z",
     "shell.execute_reply": "2020-07-10T18:10:21.463097Z"
    },
    "papermill": {
     "duration": 0.017123,
     "end_time": "2020-07-10T18:10:21.463236",
     "exception": false,
     "start_time": "2020-07-10T18:10:21.446113",
     "status": "completed"
    },
    "tags": []
   },
   "outputs": [
    {
     "name": "stdout",
     "output_type": "stream",
     "text": [
      "-2.0\n"
     ]
    }
   ],
   "source": [
    "res = a + b\n",
    "print(res)"
   ]
  },
  {
   "cell_type": "code",
   "execution_count": 4,
   "metadata": {
    "execution": {
     "iopub.execute_input": "2020-07-10T18:10:21.490215Z",
     "iopub.status.busy": "2020-07-10T18:10:21.489052Z",
     "iopub.status.idle": "2020-07-10T18:10:22.654128Z",
     "shell.execute_reply": "2020-07-10T18:10:22.652662Z"
    },
    "papermill": {
     "duration": 1.182874,
     "end_time": "2020-07-10T18:10:22.654273",
     "exception": false,
     "start_time": "2020-07-10T18:10:21.471399",
     "status": "completed"
    },
    "tags": [
     "outputs"
    ]
   },
   "outputs": [
    {
     "data": {
      "text/plain": [
       "literals {\n",
       "  key: \"out\"\n",
       "  value {\n",
       "    scalar {\n",
       "      primitive {\n",
       "        float_value: -2.0\n",
       "      }\n",
       "    }\n",
       "  }\n",
       "}"
      ]
     },
     "execution_count": 4,
     "metadata": {},
     "output_type": "execute_result"
    }
   ],
   "source": [
    "from flytekit.contrib.notebook import record_outputs\n",
    "\n",
    "record_outputs({\"out\": res})"
   ]
  }
 ],
 "metadata": {
  "celltoolbar": "Tags",
  "kernelspec": {
   "display_name": "Python 3",
   "language": "python",
   "name": "python3"
  },
  "language_info": {
   "codemirror_mode": {
    "name": "ipython",
    "version": 3
   },
   "file_extension": ".py",
   "mimetype": "text/x-python",
   "name": "python",
   "nbconvert_exporter": "python",
   "pygments_lexer": "ipython3",
   "version": "3.7.6"
  },
  "papermill": {
   "duration": 4.086423,
   "end_time": "2020-07-10T18:10:23.935834",
   "environment_variables": {},
   "exception": null,
   "input_path": "/Users/hamabuelfutuh/src/go/src/github.com/lyft/flytesnacks/cookbook/demo_py_task.ipynb",
   "output_path": "/Users/hamabuelfutuh/src/go/src/github.com/lyft/flytesnacks/cookbook/demo_py_task.ipynb.out",
   "parameters": {
    "a": -5.0,
    "b": 3.0
   },
   "start_time": "2020-07-10T18:10:19.849411",
   "version": "2.1.2"
  }
 },
 "nbformat": 4,
 "nbformat_minor": 4
}